<?xml version="1.0" encoding="UTF-8"?>
<!-- Generated by org.testng.reporters.JUnitReportReporter -->
<testsuite hostname="DESKTOP-Q3FDCI0" failures="0" tests="2" name="basic.GetRequestDemo" time="0.921" errors="0" timestamp="2022-12-26T16:55:12 IST" skipped="1">
  <testcase classname="basic.GetRequestDemo" name="getResponseBody" time="0.921"/>
  <system-out/>
  <testcase classname="basic.GetRequestDemo" name="statusCodeVarification">
    <skipped/>
  </testcase> <!-- statusCodeVarification -->
  <system-out/>
</testsuite> <!-- basic.GetRequestDemo -->
