<?xml version="1.0" encoding="UTF-8"?>
<!-- Generated by org.testng.reporters.JUnitReportReporter -->
<testsuite hostname="DESKTOP-Q3FDCI0" failures="0" tests="1" name="basic.POSTRequestDemo" time="1.495" errors="0" timestamp="2022-12-26T17:15:29 IST" skipped="0">
  <testcase classname="basic.POSTRequestDemo" name="statusCodeVarification" time="1.495"/>
  <system-out/>
</testsuite> <!-- basic.POSTRequestDemo -->
